CRITICAL - 2023-08-23 13:58:03 --> Undefined variable $db
in APPPATH\Controllers\Home.php on line 35.
 1 APPPATH\Controllers\Home.php(35): CodeIgniter\Debug\Exceptions->errorHandler(2, 'Undefined variable $db', 'C:\\xampp\\htdocs\\dadosCliente\\dados\\app\\Controllers\\Home.php', 35)
 2 SYSTEMPATH\CodeIgniter.php(932): App\Controllers\Home->mysql()
 3 SYSTEMPATH\CodeIgniter.php(497): CodeIgniter\CodeIgniter->runController(Object(App\Controllers\Home))
 4 SYSTEMPATH\CodeIgniter.php(366): CodeIgniter\CodeIgniter->handleRequest(null, Object(Config\Cache), false)
 5 FCPATH\index.php(67): CodeIgniter\CodeIgniter->run()
ERROR - 2023-08-23 14:36:25 --> mysqli_sql_exception: Duplicate entry '0' for key 'PRIMARY' in C:\xampp\htdocs\dadosCliente\dados\system\Database\MySQLi\Connection.php:295
Stack trace:
#0 C:\xampp\htdocs\dadosCliente\dados\system\Database\MySQLi\Connection.php(295): mysqli->query('INSERT INTO `cl...', 0)
#1 C:\xampp\htdocs\dadosCliente\dados\system\Database\BaseConnection.php(692): CodeIgniter\Database\MySQLi\Connection->execute('INSERT INTO `cl...')
#2 C:\xampp\htdocs\dadosCliente\dados\system\Database\BaseConnection.php(606): CodeIgniter\Database\BaseConnection->simpleQuery('INSERT INTO `cl...')
#3 C:\xampp\htdocs\dadosCliente\dados\system\Database\BaseBuilder.php(2309): CodeIgniter\Database\BaseConnection->query('INSERT INTO `cl...', Array, false)
#4 C:\xampp\htdocs\dadosCliente\dados\app\Controllers\Home.php(46): CodeIgniter\Database\BaseBuilder->insert(Array)
#5 C:\xampp\htdocs\dadosCliente\dados\system\CodeIgniter.php(932): App\Controllers\Home->salvarDados()
#6 C:\xampp\htdocs\dadosCliente\dados\system\CodeIgniter.php(497): CodeIgniter\CodeIgniter->runController(Object(App\Controllers\Home))
#7 C:\xampp\htdocs\dadosCliente\dados\system\CodeIgniter.php(366): CodeIgniter\CodeIgniter->handleRequest(NULL, Object(Config\Cache), false)
#8 C:\xampp\htdocs\dadosCliente\dados\public\index.php(67): CodeIgniter\CodeIgniter->run()
#9 C:\xampp\htdocs\dadosCliente\dados\system\Commands\Server\rewrite.php(47): require_once('C:\\xampp\\htdocs...')
#10 {main}
CRITICAL - 2023-08-23 14:36:25 --> Duplicate entry '0' for key 'PRIMARY'
in SYSTEMPATH\Database\MySQLi\Connection.php on line 295.
 1 SYSTEMPATH\Database\MySQLi\Connection.php(295): mysqli->query('INSERT INTO `clientes` (`nome`, `email`, `data_nascimento`) VALUES (\'asdasd\', \'juah@gmail.com\', \'2023-08-07\')', 0)
 2 SYSTEMPATH\Database\BaseConnection.php(692): CodeIgniter\Database\MySQLi\Connection->execute('INSERT INTO `clientes` (`nome`, `email`, `data_nascimento`) VALUES (\'asdasd\', \'juah@gmail.com\', \'2023-08-07\')')
 3 SYSTEMPATH\Database\BaseConnection.php(606): CodeIgniter\Database\BaseConnection->simpleQuery('INSERT INTO `clientes` (`nome`, `email`, `data_nascimento`) VALUES (\'asdasd\', \'juah@gmail.com\', \'2023-08-07\')')
 4 SYSTEMPATH\Database\BaseBuilder.php(2309): CodeIgniter\Database\BaseConnection->query('INSERT INTO `clientes` (`nome`, `email`, `data_nascimento`) VALUES (:nome:, :email:, :data_nascimento:)', [...], false)
 5 APPPATH\Controllers\Home.php(46): CodeIgniter\Database\BaseBuilder->insert([...])
 6 SYSTEMPATH\CodeIgniter.php(932): App\Controllers\Home->salvarDados()
 7 SYSTEMPATH\CodeIgniter.php(497): CodeIgniter\CodeIgniter->runController(Object(App\Controllers\Home))
 8 SYSTEMPATH\CodeIgniter.php(366): CodeIgniter\CodeIgniter->handleRequest(null, Object(Config\Cache), false)
 9 FCPATH\index.php(67): CodeIgniter\CodeIgniter->run()
10 SYSTEMPATH\Commands\Server\rewrite.php(47): require_once('C:\\xampp\\htdocs\\dadosCliente\\dados\\public\\index.php')
ERROR - 2023-08-23 14:38:58 --> mysqli_sql_exception: Duplicate entry '0' for key 'PRIMARY' in C:\xampp\htdocs\dadosCliente\dados\system\Database\MySQLi\Connection.php:295
Stack trace:
#0 C:\xampp\htdocs\dadosCliente\dados\system\Database\MySQLi\Connection.php(295): mysqli->query('INSERT INTO `cl...', 0)
#1 C:\xampp\htdocs\dadosCliente\dados\system\Database\BaseConnection.php(692): CodeIgniter\Database\MySQLi\Connection->execute('INSERT INTO `cl...')
#2 C:\xampp\htdocs\dadosCliente\dados\system\Database\BaseConnection.php(606): CodeIgniter\Database\BaseConnection->simpleQuery('INSERT INTO `cl...')
#3 C:\xampp\htdocs\dadosCliente\dados\system\Database\BaseBuilder.php(2309): CodeIgniter\Database\BaseConnection->query('INSERT INTO `cl...', Array, false)
#4 C:\xampp\htdocs\dadosCliente\dados\app\Controllers\Home.php(46): CodeIgniter\Database\BaseBuilder->insert(Array)
#5 C:\xampp\htdocs\dadosCliente\dados\system\CodeIgniter.php(932): App\Controllers\Home->salvarDados()
#6 C:\xampp\htdocs\dadosCliente\dados\system\CodeIgniter.php(497): CodeIgniter\CodeIgniter->runController(Object(App\Controllers\Home))
#7 C:\xampp\htdocs\dadosCliente\dados\system\CodeIgniter.php(366): CodeIgniter\CodeIgniter->handleRequest(NULL, Object(Config\Cache), false)
#8 C:\xampp\htdocs\dadosCliente\dados\public\index.php(67): CodeIgniter\CodeIgniter->run()
#9 C:\xampp\htdocs\dadosCliente\dados\system\Commands\Server\rewrite.php(47): require_once('C:\\xampp\\htdocs...')
#10 {main}
CRITICAL - 2023-08-23 14:38:58 --> Duplicate entry '0' for key 'PRIMARY'
in SYSTEMPATH\Database\MySQLi\Connection.php on line 295.
 1 SYSTEMPATH\Database\MySQLi\Connection.php(295): mysqli->query('INSERT INTO `clientes` (`nome`, `email`, `data_nascimento`) VALUES (\'asdasd\', \'juah@gmail.com\', \'2023-08-07\')', 0)
 2 SYSTEMPATH\Database\BaseConnection.php(692): CodeIgniter\Database\MySQLi\Connection->execute('INSERT INTO `clientes` (`nome`, `email`, `data_nascimento`) VALUES (\'asdasd\', \'juah@gmail.com\', \'2023-08-07\')')
 3 SYSTEMPATH\Database\BaseConnection.php(606): CodeIgniter\Database\BaseConnection->simpleQuery('INSERT INTO `clientes` (`nome`, `email`, `data_nascimento`) VALUES (\'asdasd\', \'juah@gmail.com\', \'2023-08-07\')')
 4 SYSTEMPATH\Database\BaseBuilder.php(2309): CodeIgniter\Database\BaseConnection->query('INSERT INTO `clientes` (`nome`, `email`, `data_nascimento`) VALUES (:nome:, :email:, :data_nascimento:)', [...], false)
 5 APPPATH\Controllers\Home.php(46): CodeIgniter\Database\BaseBuilder->insert([...])
 6 SYSTEMPATH\CodeIgniter.php(932): App\Controllers\Home->salvarDados()
 7 SYSTEMPATH\CodeIgniter.php(497): CodeIgniter\CodeIgniter->runController(Object(App\Controllers\Home))
 8 SYSTEMPATH\CodeIgniter.php(366): CodeIgniter\CodeIgniter->handleRequest(null, Object(Config\Cache), false)
 9 FCPATH\index.php(67): CodeIgniter\CodeIgniter->run()
10 SYSTEMPATH\Commands\Server\rewrite.php(47): require_once('C:\\xampp\\htdocs\\dadosCliente\\dados\\public\\index.php')
CRITICAL - 2023-08-23 14:41:48 --> Undefined variable $msg
in APPPATH\Views\DataBaseView.php on line 41.
 1 APPPATH\Views\DataBaseView.php(41): CodeIgniter\Debug\Exceptions->errorHandler(2, 'Undefined variable $msg', 'C:\\xampp\\htdocs\\dadosCliente\\dados\\app\\Views\\DataBaseView.php', 41)
 2 SYSTEMPATH\View\View.php(224): include('C:\\xampp\\htdocs\\dadosCliente\\dados\\app\\Views\\DataBaseView.php')
 3 SYSTEMPATH\View\View.php(227): CodeIgniter\View\View->CodeIgniter\View\{closure}()
 4 SYSTEMPATH\Common.php(1176): CodeIgniter\View\View->render('DataBaseView', [], true)
 5 APPPATH\Controllers\Home.php(30): view('DataBaseView')
 6 SYSTEMPATH\CodeIgniter.php(932): App\Controllers\Home->database()
 7 SYSTEMPATH\CodeIgniter.php(497): CodeIgniter\CodeIgniter->runController(Object(App\Controllers\Home))
 8 SYSTEMPATH\CodeIgniter.php(366): CodeIgniter\CodeIgniter->handleRequest(null, Object(Config\Cache), false)
 9 FCPATH\index.php(67): CodeIgniter\CodeIgniter->run()
10 SYSTEMPATH\Commands\Server\rewrite.php(47): require_once('C:\\xampp\\htdocs\\dadosCliente\\dados\\public\\index.php')
CRITICAL - 2023-08-23 14:42:57 --> view(): Argument #2 ($data) must be of type array, string given, called in C:\xampp\htdocs\dadosCliente\dados\app\Controllers\Home.php on line 50
in SYSTEMPATH\Common.php on line 1164.
 1 APPPATH\Controllers\Home.php(50): view('DataBaseView', 'Cliente inserido com sucesso!')
 2 SYSTEMPATH\CodeIgniter.php(932): App\Controllers\Home->salvarDados()
 3 SYSTEMPATH\CodeIgniter.php(497): CodeIgniter\CodeIgniter->runController(Object(App\Controllers\Home))
 4 SYSTEMPATH\CodeIgniter.php(366): CodeIgniter\CodeIgniter->handleRequest(null, Object(Config\Cache), false)
 5 FCPATH\index.php(67): CodeIgniter\CodeIgniter->run()
 6 SYSTEMPATH\Commands\Server\rewrite.php(47): require_once('C:\\xampp\\htdocs\\dadosCliente\\dados\\public\\index.php')
CRITICAL - 2023-08-23 17:15:22 --> Attempt to read property "data_nascimento" on array
in APPPATH\Views\Mysql.php on line 31.
 1 APPPATH\Views\Mysql.php(31): CodeIgniter\Debug\Exceptions->errorHandler(2, 'Attempt to read property "data_nascimento" on array', 'C:\\xampp\\htdocs\\dadosCliente\\dados\\app\\Views\\Mysql.php', 31)
 2 SYSTEMPATH\View\View.php(224): include('C:\\xampp\\htdocs\\dadosCliente\\dados\\app\\Views\\Mysql.php')
 3 SYSTEMPATH\View\View.php(227): CodeIgniter\View\View->CodeIgniter\View\{closure}()
 4 SYSTEMPATH\Common.php(1176): CodeIgniter\View\View->render('Mysql', [], true)
 5 APPPATH\Controllers\Home.php(94): view('Mysql', [...])
 6 SYSTEMPATH\CodeIgniter.php(932): App\Controllers\Home->enviarParabens()
 7 SYSTEMPATH\CodeIgniter.php(497): CodeIgniter\CodeIgniter->runController(Object(App\Controllers\Home))
 8 SYSTEMPATH\CodeIgniter.php(366): CodeIgniter\CodeIgniter->handleRequest(null, Object(Config\Cache), false)
 9 FCPATH\index.php(67): CodeIgniter\CodeIgniter->run()
10 SYSTEMPATH\Commands\Server\rewrite.php(47): require_once('C:\\xampp\\htdocs\\dadosCliente\\dados\\public\\index.php')
CRITICAL - 2023-08-23 17:17:56 --> Array to string conversion
in APPPATH\Views\Mysql.php on line 25.
 1 APPPATH\Views\Mysql.php(25): CodeIgniter\Debug\Exceptions->errorHandler(2, 'Array to string conversion', 'C:\\xampp\\htdocs\\dadosCliente\\dados\\app\\Views\\Mysql.php', 25)
 2 SYSTEMPATH\View\View.php(224): include('C:\\xampp\\htdocs\\dadosCliente\\dados\\app\\Views\\Mysql.php')
 3 SYSTEMPATH\View\View.php(227): CodeIgniter\View\View->CodeIgniter\View\{closure}()
 4 SYSTEMPATH\Common.php(1176): CodeIgniter\View\View->render('Mysql', [], true)
 5 APPPATH\Controllers\Home.php(18): view('Mysql', [...])
 6 SYSTEMPATH\CodeIgniter.php(932): App\Controllers\Home->mysql()
 7 SYSTEMPATH\CodeIgniter.php(497): CodeIgniter\CodeIgniter->runController(Object(App\Controllers\Home))
 8 SYSTEMPATH\CodeIgniter.php(366): CodeIgniter\CodeIgniter->handleRequest(null, Object(Config\Cache), false)
 9 FCPATH\index.php(67): CodeIgniter\CodeIgniter->run()
10 SYSTEMPATH\Commands\Server\rewrite.php(47): require_once('C:\\xampp\\htdocs\\dadosCliente\\dados\\public\\index.php')
CRITICAL - 2023-08-23 17:18:00 --> Array to string conversion
in APPPATH\Views\Mysql.php on line 25.
 1 APPPATH\Views\Mysql.php(25): CodeIgniter\Debug\Exceptions->errorHandler(2, 'Array to string conversion', 'C:\\xampp\\htdocs\\dadosCliente\\dados\\app\\Views\\Mysql.php', 25)
 2 SYSTEMPATH\View\View.php(224): include('C:\\xampp\\htdocs\\dadosCliente\\dados\\app\\Views\\Mysql.php')
 3 SYSTEMPATH\View\View.php(227): CodeIgniter\View\View->CodeIgniter\View\{closure}()
 4 SYSTEMPATH\Common.php(1176): CodeIgniter\View\View->render('Mysql', [], true)
 5 APPPATH\Controllers\Home.php(18): view('Mysql', [...])
 6 SYSTEMPATH\CodeIgniter.php(932): App\Controllers\Home->mysql()
 7 SYSTEMPATH\CodeIgniter.php(497): CodeIgniter\CodeIgniter->runController(Object(App\Controllers\Home))
 8 SYSTEMPATH\CodeIgniter.php(366): CodeIgniter\CodeIgniter->handleRequest(null, Object(Config\Cache), false)
 9 FCPATH\index.php(67): CodeIgniter\CodeIgniter->run()
10 SYSTEMPATH\Commands\Server\rewrite.php(47): require_once('C:\\xampp\\htdocs\\dadosCliente\\dados\\public\\index.php')
CRITICAL - 2023-08-23 17:18:03 --> Array to string conversion
in APPPATH\Views\Mysql.php on line 25.
 1 APPPATH\Views\Mysql.php(25): CodeIgniter\Debug\Exceptions->errorHandler(2, 'Array to string conversion', 'C:\\xampp\\htdocs\\dadosCliente\\dados\\app\\Views\\Mysql.php', 25)
 2 SYSTEMPATH\View\View.php(224): include('C:\\xampp\\htdocs\\dadosCliente\\dados\\app\\Views\\Mysql.php')
 3 SYSTEMPATH\View\View.php(227): CodeIgniter\View\View->CodeIgniter\View\{closure}()
 4 SYSTEMPATH\Common.php(1176): CodeIgniter\View\View->render('Mysql', [], true)
 5 APPPATH\Controllers\Home.php(18): view('Mysql', [...])
 6 SYSTEMPATH\CodeIgniter.php(932): App\Controllers\Home->mysql()
 7 SYSTEMPATH\CodeIgniter.php(497): CodeIgniter\CodeIgniter->runController(Object(App\Controllers\Home))
 8 SYSTEMPATH\CodeIgniter.php(366): CodeIgniter\CodeIgniter->handleRequest(null, Object(Config\Cache), false)
 9 FCPATH\index.php(67): CodeIgniter\CodeIgniter->run()
10 SYSTEMPATH\Commands\Server\rewrite.php(47): require_once('C:\\xampp\\htdocs\\dadosCliente\\dados\\public\\index.php')
CRITICAL - 2023-08-23 17:18:15 --> Object of class stdClass could not be converted to string
in APPPATH\Views\Mysql.php on line 25.
 1 SYSTEMPATH\View\View.php(224): include()
 2 SYSTEMPATH\View\View.php(227): CodeIgniter\View\View->CodeIgniter\View\{closure}()
 3 SYSTEMPATH\Common.php(1176): CodeIgniter\View\View->render('Mysql', [], true)
 4 APPPATH\Controllers\Home.php(18): view('Mysql', [...])
 5 SYSTEMPATH\CodeIgniter.php(932): App\Controllers\Home->mysql()
 6 SYSTEMPATH\CodeIgniter.php(497): CodeIgniter\CodeIgniter->runController(Object(App\Controllers\Home))
 7 SYSTEMPATH\CodeIgniter.php(366): CodeIgniter\CodeIgniter->handleRequest(null, Object(Config\Cache), false)
 8 FCPATH\index.php(67): CodeIgniter\CodeIgniter->run()
 9 SYSTEMPATH\Commands\Server\rewrite.php(47): require_once('C:\\xampp\\htdocs\\dadosCliente\\dados\\public\\index.php')
CRITICAL - 2023-08-23 17:18:28 --> Undefined array key "result"
in APPPATH\Views\Mysql.php on line 25.
 1 APPPATH\Views\Mysql.php(25): CodeIgniter\Debug\Exceptions->errorHandler(2, 'Undefined array key "result"', 'C:\\xampp\\htdocs\\dadosCliente\\dados\\app\\Views\\Mysql.php', 25)
 2 SYSTEMPATH\View\View.php(224): include('C:\\xampp\\htdocs\\dadosCliente\\dados\\app\\Views\\Mysql.php')
 3 SYSTEMPATH\View\View.php(227): CodeIgniter\View\View->CodeIgniter\View\{closure}()
 4 SYSTEMPATH\Common.php(1176): CodeIgniter\View\View->render('Mysql', [], true)
 5 APPPATH\Controllers\Home.php(18): view('Mysql', [...])
 6 SYSTEMPATH\CodeIgniter.php(932): App\Controllers\Home->mysql()
 7 SYSTEMPATH\CodeIgniter.php(497): CodeIgniter\CodeIgniter->runController(Object(App\Controllers\Home))
 8 SYSTEMPATH\CodeIgniter.php(366): CodeIgniter\CodeIgniter->handleRequest(null, Object(Config\Cache), false)
 9 FCPATH\index.php(67): CodeIgniter\CodeIgniter->run()
10 SYSTEMPATH\Commands\Server\rewrite.php(47): require_once('C:\\xampp\\htdocs\\dadosCliente\\dados\\public\\index.php')
CRITICAL - 2023-08-23 17:20:38 --> Undefined variable $data_nascimento
in APPPATH\Views\Mysql.php on line 33.
 1 APPPATH\Views\Mysql.php(33): CodeIgniter\Debug\Exceptions->errorHandler(2, 'Undefined variable $data_nascimento', 'C:\\xampp\\htdocs\\dadosCliente\\dados\\app\\Views\\Mysql.php', 33)
 2 SYSTEMPATH\View\View.php(224): include('C:\\xampp\\htdocs\\dadosCliente\\dados\\app\\Views\\Mysql.php')
 3 SYSTEMPATH\View\View.php(227): CodeIgniter\View\View->CodeIgniter\View\{closure}()
 4 SYSTEMPATH\Common.php(1176): CodeIgniter\View\View->render('Mysql', [], true)
 5 APPPATH\Controllers\Home.php(18): view('Mysql', [...])
 6 SYSTEMPATH\CodeIgniter.php(932): App\Controllers\Home->mysql()
 7 SYSTEMPATH\CodeIgniter.php(497): CodeIgniter\CodeIgniter->runController(Object(App\Controllers\Home))
 8 SYSTEMPATH\CodeIgniter.php(366): CodeIgniter\CodeIgniter->handleRequest(null, Object(Config\Cache), false)
 9 FCPATH\index.php(67): CodeIgniter\CodeIgniter->run()
10 SYSTEMPATH\Commands\Server\rewrite.php(47): require_once('C:\\xampp\\htdocs\\dadosCliente\\dados\\public\\index.php')
CRITICAL - 2023-08-23 17:20:45 --> Array to string conversion
in APPPATH\Views\Mysql.php on line 65.
 1 APPPATH\Views\Mysql.php(65): CodeIgniter\Debug\Exceptions->errorHandler(2, 'Array to string conversion', 'C:\\xampp\\htdocs\\dadosCliente\\dados\\app\\Views\\Mysql.php', 65)
 2 SYSTEMPATH\View\View.php(224): include('C:\\xampp\\htdocs\\dadosCliente\\dados\\app\\Views\\Mysql.php')
 3 SYSTEMPATH\View\View.php(227): CodeIgniter\View\View->CodeIgniter\View\{closure}()
 4 SYSTEMPATH\Common.php(1176): CodeIgniter\View\View->render('Mysql', [], true)
 5 APPPATH\Controllers\Home.php(18): view('Mysql', [...])
 6 SYSTEMPATH\CodeIgniter.php(932): App\Controllers\Home->mysql()
 7 SYSTEMPATH\CodeIgniter.php(497): CodeIgniter\CodeIgniter->runController(Object(App\Controllers\Home))
 8 SYSTEMPATH\CodeIgniter.php(366): CodeIgniter\CodeIgniter->handleRequest(null, Object(Config\Cache), false)
 9 FCPATH\index.php(67): CodeIgniter\CodeIgniter->run()
10 SYSTEMPATH\Commands\Server\rewrite.php(47): require_once('C:\\xampp\\htdocs\\dadosCliente\\dados\\public\\index.php')
CRITICAL - 2023-08-23 20:11:46 --> Undefined variable $dados
in APPPATH\Views\Mysql.php on line 29.
 1 APPPATH\Views\Mysql.php(29): CodeIgniter\Debug\Exceptions->errorHandler(2, 'Undefined variable $dados', 'C:\\xampp\\htdocs\\Clientes\\app\\Views\\Mysql.php', 29)
 2 SYSTEMPATH\View\View.php(224): include('C:\\xampp\\htdocs\\Clientes\\app\\Views\\Mysql.php')
 3 SYSTEMPATH\View\View.php(227): CodeIgniter\View\View->CodeIgniter\View\{closure}()
 4 SYSTEMPATH\Common.php(1176): CodeIgniter\View\View->render('Mysql', [], true)
 5 APPPATH\Controllers\Cliente.php(18): view('Mysql', [...])
 6 SYSTEMPATH\CodeIgniter.php(932): App\Controllers\Cliente->mysql()
 7 SYSTEMPATH\CodeIgniter.php(497): CodeIgniter\CodeIgniter->runController(Object(App\Controllers\Cliente))
 8 SYSTEMPATH\CodeIgniter.php(366): CodeIgniter\CodeIgniter->handleRequest(null, Object(Config\Cache), false)
 9 FCPATH\index.php(67): CodeIgniter\CodeIgniter->run()
10 SYSTEMPATH\Commands\Server\rewrite.php(47): require_once('C:\\xampp\\htdocs\\Clientes\\public\\index.php')
CRITICAL - 2023-08-23 23:15:19 --> Invalid file: "Mysql.php"
in SYSTEMPATH\Exceptions\FrameworkException.php on line 33.
 1 SYSTEMPATH\View\View.php(212): CodeIgniter\Exceptions\FrameworkException::forInvalidFile('Mysql.php')
 2 SYSTEMPATH\Common.php(1176): CodeIgniter\View\View->render('Mysql', [], true)
 3 APPPATH\Controllers\Cliente.php(18): view('Mysql', [...])
 4 SYSTEMPATH\CodeIgniter.php(932): App\Controllers\Cliente->listaClientes()
 5 SYSTEMPATH\CodeIgniter.php(497): CodeIgniter\CodeIgniter->runController(Object(App\Controllers\Cliente))
 6 SYSTEMPATH\CodeIgniter.php(366): CodeIgniter\CodeIgniter->handleRequest(null, Object(Config\Cache), false)
 7 FCPATH\index.php(67): CodeIgniter\CodeIgniter->run()
 8 SYSTEMPATH\Commands\Server\rewrite.php(47): require_once('C:\\xampp\\htdocs\\Clientes\\public\\index.php')
CRITICAL - 2023-08-23 23:19:55 --> Invalid file: "Mysql.php"
in SYSTEMPATH\Exceptions\FrameworkException.php on line 33.
 1 SYSTEMPATH\View\View.php(212): CodeIgniter\Exceptions\FrameworkException::forInvalidFile('Mysql.php')
 2 SYSTEMPATH\Common.php(1176): CodeIgniter\View\View->render('Mysql', [], true)
 3 APPPATH\Controllers\Cliente.php(95): view('Mysql', [...])
 4 SYSTEMPATH\CodeIgniter.php(932): App\Controllers\Cliente->enviarEmail()
 5 SYSTEMPATH\CodeIgniter.php(497): CodeIgniter\CodeIgniter->runController(Object(App\Controllers\Cliente))
 6 SYSTEMPATH\CodeIgniter.php(366): CodeIgniter\CodeIgniter->handleRequest(null, Object(Config\Cache), false)
 7 FCPATH\index.php(67): CodeIgniter\CodeIgniter->run()
 8 SYSTEMPATH\Commands\Server\rewrite.php(47): require_once('C:\\xampp\\htdocs\\Clientes\\public\\index.php')
CRITICAL - 2023-08-23 23:33:45 --> Attempt to read property "nome" on array
in APPPATH\Controllers\Cliente.php on line 32.
 1 APPPATH\Controllers\Cliente.php(32): CodeIgniter\Debug\Exceptions->errorHandler(2, 'Attempt to read property "nome" on array', 'C:\\xampp\\htdocs\\Clientes\\app\\Controllers\\Cliente.php', 32)
 2 SYSTEMPATH\CodeIgniter.php(932): App\Controllers\Cliente->enviarEmail()
 3 SYSTEMPATH\CodeIgniter.php(497): CodeIgniter\CodeIgniter->runController(Object(App\Controllers\Cliente))
 4 SYSTEMPATH\CodeIgniter.php(366): CodeIgniter\CodeIgniter->handleRequest(null, Object(Config\Cache), false)
 5 FCPATH\index.php(67): CodeIgniter\CodeIgniter->run()
 6 SYSTEMPATH\Commands\Server\rewrite.php(47): require_once('C:\\xampp\\htdocs\\Clientes\\public\\index.php')
CRITICAL - 2023-08-23 23:35:56 --> Attempt to read property "data_nascimento" on array
in APPPATH\Views\ListaClientes.php on line 31.
 1 APPPATH\Views\ListaClientes.php(31): CodeIgniter\Debug\Exceptions->errorHandler(2, 'Attempt to read property "data_nascimento" on array', 'C:\\xampp\\htdocs\\Clientes\\app\\Views\\ListaClientes.php', 31)
 2 SYSTEMPATH\View\View.php(224): include('C:\\xampp\\htdocs\\Clientes\\app\\Views\\ListaClientes.php')
 3 SYSTEMPATH\View\View.php(227): CodeIgniter\View\View->CodeIgniter\View\{closure}()
 4 SYSTEMPATH\Common.php(1176): CodeIgniter\View\View->render('listaClientes', [], true)
 5 APPPATH\Controllers\Cliente.php(52): view('listaClientes', [...])
 6 SYSTEMPATH\CodeIgniter.php(932): App\Controllers\Cliente->enviarEmail()
 7 SYSTEMPATH\CodeIgniter.php(497): CodeIgniter\CodeIgniter->runController(Object(App\Controllers\Cliente))
 8 SYSTEMPATH\CodeIgniter.php(366): CodeIgniter\CodeIgniter->handleRequest(null, Object(Config\Cache), false)
 9 FCPATH\index.php(67): CodeIgniter\CodeIgniter->run()
10 SYSTEMPATH\Commands\Server\rewrite.php(47): require_once('C:\\xampp\\htdocs\\Clientes\\public\\index.php')
CRITICAL - 2023-08-23 23:36:58 --> Attempt to read property "data_nascimento" on array
in APPPATH\Views\ListaClientes.php on line 31.
 1 APPPATH\Views\ListaClientes.php(31): CodeIgniter\Debug\Exceptions->errorHandler(2, 'Attempt to read property "data_nascimento" on array', 'C:\\xampp\\htdocs\\Clientes\\app\\Views\\ListaClientes.php', 31)
 2 SYSTEMPATH\View\View.php(224): include('C:\\xampp\\htdocs\\Clientes\\app\\Views\\ListaClientes.php')
 3 SYSTEMPATH\View\View.php(227): CodeIgniter\View\View->CodeIgniter\View\{closure}()
 4 SYSTEMPATH\Common.php(1176): CodeIgniter\View\View->render('listaClientes', [], true)
 5 APPPATH\Controllers\Cliente.php(54): view('listaClientes', [...])
 6 SYSTEMPATH\CodeIgniter.php(932): App\Controllers\Cliente->enviarEmail()
 7 SYSTEMPATH\CodeIgniter.php(497): CodeIgniter\CodeIgniter->runController(Object(App\Controllers\Cliente))
 8 SYSTEMPATH\CodeIgniter.php(366): CodeIgniter\CodeIgniter->handleRequest(null, Object(Config\Cache), false)
 9 FCPATH\index.php(67): CodeIgniter\CodeIgniter->run()
10 SYSTEMPATH\Commands\Server\rewrite.php(47): require_once('C:\\xampp\\htdocs\\Clientes\\public\\index.php')
CRITICAL - 2023-08-23 23:37:40 --> Undefined variable $result
in APPPATH\Controllers\Cliente.php on line 51.
 1 APPPATH\Controllers\Cliente.php(51): CodeIgniter\Debug\Exceptions->errorHandler(2, 'Undefined variable $result', 'C:\\xampp\\htdocs\\Clientes\\app\\Controllers\\Cliente.php', 51)
 2 SYSTEMPATH\CodeIgniter.php(932): App\Controllers\Cliente->enviarEmail()
 3 SYSTEMPATH\CodeIgniter.php(497): CodeIgniter\CodeIgniter->runController(Object(App\Controllers\Cliente))
 4 SYSTEMPATH\CodeIgniter.php(366): CodeIgniter\CodeIgniter->handleRequest(null, Object(Config\Cache), false)
 5 FCPATH\index.php(67): CodeIgniter\CodeIgniter->run()
 6 SYSTEMPATH\Commands\Server\rewrite.php(47): require_once('C:\\xampp\\htdocs\\Clientes\\public\\index.php')
